<?xml version="1.0" encoding="UTF-8"?>
<!-- Generated by org.testng.reporters.JUnitXMLReporter -->
<testsuite ignored="0" hostname="DESKTOP-DH6BRJL" failures="0" tests="4" name="Command line test" time="0.095" errors="0" timestamp="2020-07-16T16:01:35 IST">
  <testcase classname="mvp.mavenjava.AppiumTest" name="Android" time="0.013"/>
  <testcase classname="mvp.mavenjava.RestApiTest" name="opera" time="0.0"/>
  <testcase classname="mvp.mavenjava.RestApiTest" name="sagar" time="0.0"/>
  <testcase classname="mvp.mavenjava.SeleniumTest" name="browser" time="0.001"/>
</testsuite> <!-- Command line test -->
